0 info it worked if it ends with ok
1 verbose cli [ '/usr/local/Cellar/node/5.9.0/bin/node',
1 verbose cli   '/usr/local/bin/npm',
1 verbose cli   'run',
1 verbose cli   'development' ]
2 info using npm@3.7.3
3 info using node@v5.9.0
4 verbose run-script [ 'predevelopment', 'development', 'postdevelopment' ]
5 info lifecycle reach@1.0.0~predevelopment: reach@1.0.0
6 silly lifecycle reach@1.0.0~predevelopment: no script for predevelopment, continuing
7 info lifecycle reach@1.0.0~development: reach@1.0.0
8 verbose lifecycle reach@1.0.0~development: unsafe-perm in lifecycle true
9 verbose lifecycle reach@1.0.0~development: PATH: /usr/local/lib/node_modules/npm/bin/node-gyp-bin:/Users/brytree/code/reach/node_modules/.bin:/usr/local/Cellar/node/5.9.0/bin:/Users/brytree/.rbenv/shims:/Users/brytree/.rbenv/bin:/usr/local/bin:/usr/bin:/bin:/usr/sbin:/sbin:/Applications/Postgres.app/Contents/Versions/9.5/bin
10 verbose lifecycle reach@1.0.0~development: CWD: /Users/brytree/code/reach
11 silly lifecycle reach@1.0.0~development: Args: [ '-c',
11 silly lifecycle   'cp views/index.html public/index.html && NODE_ENV=development webpack && webpack-dev-server --content-base public/ --hot --inline --devtool inline-source-map --history-api-fallback' ]
12 silly lifecycle reach@1.0.0~development: Returned: code: 1  signal: null
13 info lifecycle reach@1.0.0~development: Failed to exec development script
14 verbose stack Error: reach@1.0.0 development: `cp views/index.html public/index.html && NODE_ENV=development webpack && webpack-dev-server --content-base public/ --hot --inline --devtool inline-source-map --history-api-fallback`
14 verbose stack Exit status 1
14 verbose stack     at EventEmitter.<anonymous> (/usr/local/lib/node_modules/npm/lib/utils/lifecycle.js:239:16)
14 verbose stack     at emitTwo (events.js:100:13)
14 verbose stack     at EventEmitter.emit (events.js:185:7)
14 verbose stack     at ChildProcess.<anonymous> (/usr/local/lib/node_modules/npm/lib/utils/spawn.js:24:14)
14 verbose stack     at emitTwo (events.js:100:13)
14 verbose stack     at ChildProcess.emit (events.js:185:7)
14 verbose stack     at maybeClose (internal/child_process.js:850:16)
14 verbose stack     at Process.ChildProcess._handle.onexit (internal/child_process.js:215:5)
15 verbose pkgid reach@1.0.0
16 verbose cwd /Users/brytree/code/reach
17 error Darwin 15.5.0
18 error argv "/usr/local/Cellar/node/5.9.0/bin/node" "/usr/local/bin/npm" "run" "development"
19 error node v5.9.0
20 error npm  v3.7.3
21 error code ELIFECYCLE
22 error reach@1.0.0 development: `cp views/index.html public/index.html && NODE_ENV=development webpack && webpack-dev-server --content-base public/ --hot --inline --devtool inline-source-map --history-api-fallback`
22 error Exit status 1
23 error Failed at the reach@1.0.0 development script 'cp views/index.html public/index.html && NODE_ENV=development webpack && webpack-dev-server --content-base public/ --hot --inline --devtool inline-source-map --history-api-fallback'.
23 error Make sure you have the latest version of node.js and npm installed.
23 error If you do, this is most likely a problem with the reach package,
23 error not with npm itself.
23 error Tell the author that this fails on your system:
23 error     cp views/index.html public/index.html && NODE_ENV=development webpack && webpack-dev-server --content-base public/ --hot --inline --devtool inline-source-map --history-api-fallback
23 error You can get information on how to open an issue for this project with:
23 error     npm bugs reach
23 error Or if that isn't available, you can get their info via:
23 error     npm owner ls reach
23 error There is likely additional logging output above.
24 verbose exit [ 1, true ]
